<?xml version="1.0" encoding="UTF-8"?>
<testng-results ignored="0" total="2" passed="2" failed="0" skipped="0">
  <reporter-output>
  </reporter-output>
  <suite started-at="2026-08-05T10:14:31 IST" name="HotelCruiseSuite" finished-at="2026-08-05T10:16:31 IST" duration-ms="119283">
    <groups>
    </groups>
    <test started-at="2026-08-05T10:14:31 IST" name="Hotel Cruise Automation" finished-at="2026-08-05T10:16:31 IST" duration-ms="119283">
      <class name="testCases.HotelTest">
        <test-method is-config="true" signature="setup()[pri:0, instance:testCases.HotelTest@62ddbd7e]" started-at="2026-08-05T10:14:32 IST" name="setup" finished-at="2026-08-05T10:14:52 IST" duration-ms="20404" status="PASS">
          <reporter-output>
          </reporter-output>
        </test-method> <!-- setup -->
        <test-method signature="hotelSearch()[pri:1, instance:testCases.HotelTest@62ddbd7e]" started-at="2026-08-05T10:14:52 IST" name="hotelSearch" finished-at="2026-08-05T10:15:27 IST" duration-ms="35120" status="PASS">
          <reporter-output>
          </reporter-output>
        </test-method> <!-- hotelSearch -->
        <test-method signature="cruiseSearch()[pri:2, instance:testCases.HotelTest@62ddbd7e]" started-at="2026-08-05T10:15:27 IST" name="cruiseSearch" finished-at="2026-08-05T10:16:21 IST" duration-ms="53308" status="PASS">
          <reporter-output>
          </reporter-output>
        </test-method> <!-- cruiseSearch -->
        <test-method is-config="true" signature="tearDown()[pri:0, instance:testCases.HotelTest@62ddbd7e]" started-at="2026-08-05T10:16:21 IST" name="tearDown" finished-at="2026-08-05T10:16:31 IST" duration-ms="9843" status="PASS">
          <reporter-output>
          </reporter-output>
        </test-method> <!-- tearDown -->
      </class> <!-- testCases.HotelTest -->
    </test> <!-- Hotel Cruise Automation -->
  </suite> <!-- HotelCruiseSuite -->
</testng-results>
